<?xml version="1.0" encoding="utf-8"?><testsuites name="pytest tests"><testsuite name="pytest" errors="0" failures="1" skipped="0" tests="20" time="21.459" timestamp="2026-04-24T20:56:50.010616+00:00" hostname="agent-env-13494a84-d449-4868-b049-54da188f883f"><testcase classname="backend.tests.pytest.test_avle_backend" name="test_health" time="1.219" /><testcase classname="backend.tests.pytest.test_avle_backend" name="test_analyze_core_fields" time="3.225" /><testcase classname="backend.tests.pytest.test_avle_backend" name="test_analyze_suitability_ok" time="0.000" /><testcase classname="backend.tests.pytest.test_avle_backend" name="test_analyze_recommendation_mc" time="0.000" /><testcase classname="backend.tests.pytest.test_avle_backend" name="test_analyze_three_scenarios" time="0.000" /><testcase classname="backend.tests.pytest.test_avle_backend" name="test_analyze_water_bbox_unsuitable" time="5.191"><failure message="AssertionError: expected unsuitable water bbox, got {'suitable': True, 'mean_ndvi': 0.5647610425949097, 'water_fraction': 0.0, 'nonveg_fraction': 0.0017547607421875}&#10;assert True is False&#10; +  where True = &lt;built-in method get of dict object at 0xfc51c3d24e00&gt;('suitable')&#10; +    where &lt;built-in method get of dict object at 0xfc51c3d24e00&gt; = {'mean_ndvi': 0.5647610425949097, 'nonveg_fraction': 0.0017547607421875, 'suitable': True, 'water_fraction': 0.0}.get">backend/tests/pytest/test_avle_backend.py:115: in test_analyze_water_bbox_unsuitable
    assert suit.get("suitable") is False, f"expected unsuitable water bbox, got {suit}"
E   AssertionError: expected unsuitable water bbox, got {'suitable': True, 'mean_ndvi': 0.5647610425949097, 'water_fraction': 0.0, 'nonveg_fraction': 0.0017547607421875}
E   assert True is False
E    +  where True = &lt;built-in method get of dict object at 0xfc51c3d24e00&gt;('suitable')
E    +    where &lt;built-in method get of dict object at 0xfc51c3d24e00&gt; = {'mean_ndvi': 0.5647610425949097, 'nonveg_fraction': 0.0017547607421875, 'suitable': True, 'water_fraction': 0.0}.get</failure></testcase><testcase classname="backend.tests.pytest.test_avle_backend" name="test_ablation_structure_v3" time="0.693" /><testcase classname="backend.tests.pytest.test_avle_backend" name="test_ablation_row_fields_no_csi" time="0.719" /><testcase classname="backend.tests.pytest.test_avle_backend" name="test_ablation_structured_full_quality" time="0.691" /><testcase classname="backend.tests.pytest.test_avle_backend" name="test_ablation_segmentation_block" time="0.692" /><testcase classname="backend.tests.pytest.test_avle_backend" name="test_ablation_projection_has_linreg" time="0.690" /><testcase classname="backend.tests.pytest.test_avle_backend" name="test_docs_list" time="0.718" /><testcase classname="backend.tests.pytest.test_avle_backend" name="test_docs_get_setup" time="0.719" /><testcase classname="backend.tests.pytest.test_avle_backend" name="test_docs_unknown_404" time="0.744" /><testcase classname="backend.tests.pytest.test_avle_backend" name="test_blockchain_status" time="0.744" /><testcase classname="backend.tests.pytest.test_avle_backend" name="test_blockchain_verify" time="0.693" /><testcase classname="backend.tests.pytest.test_avle_backend" name="test_datasets_list" time="0.721" /><testcase classname="backend.tests.pytest.test_avle_backend" name="test_dataset_download_carbon" time="2.505" /><testcase classname="backend.tests.pytest.test_avle_backend" name="test_weights_info" time="0.692" /><testcase classname="backend.tests.pytest.test_avle_backend" name="test_jobs_list" time="0.693" /></testsuite></testsuites>